<?xml version="1.0" encoding="UTF-8"?>
<!-- Generated by org.testng.reporters.JUnitReportReporter -->
<testsuite hostname="Minas-MacBook-Pro.local" name="tests.termin17.InteractionExample4" tests="1" failures="0" timestamp="21 Oct 2021 19:23:52 GMT" time="25.317" errors="0">
  <testcase name="interaction" time="25.317" classname="tests.termin17.InteractionExample4"/>
</testsuite> <!-- tests.termin17.InteractionExample4 -->
