<?xml version="1.0" encoding="UTF-8"?>
<!-- Generated by org.testng.reporters.JUnitReportReporter -->
<testsuite hostname="Minas-MacBook-Pro.local" name="tests.termin18.LocatorsExample" tests="3" failures="0" timestamp="25 Oct 2021 16:35:55 GMT" time="3.093" errors="0">
  <testcase name="testWithEmpthyFields" time="0.706" classname="tests.termin18.LocatorsExample"/>
  <testcase name="testAllCalculators" time="0.432" classname="tests.termin18.LocatorsExample"/>
  <testcase name="testWithBothFields" time="1.955" classname="tests.termin18.LocatorsExample"/>
</testsuite> <!-- tests.termin18.LocatorsExample -->
