<?xml version="1.0" encoding="UTF-8"?>
<!-- Generated by org.testng.reporters.JUnitReportReporter -->
<testsuite hostname="Minas-MacBook-Pro.local" name="tests.InteractionExample5" tests="1" failures="0" timestamp="19 Oct 2021 11:27:20 GMT" time="0.912" errors="0">
  <testcase name="interaction" time="0.912" classname="tests.InteractionExample5"/>
</testsuite> <!-- tests.InteractionExample5 -->
