<?xml version="1.0" encoding="UTF-8"?>
<!-- Generated by org.testng.reporters.JUnitReportReporter -->
<testsuite hostname="Minas-MacBook-Pro.local" name="tests.InteractionExample7" tests="1" failures="0" timestamp="19 Oct 2021 11:44:23 GMT" time="2.908" errors="0">
  <testcase name="search" time="2.908" classname="tests.InteractionExample7"/>
</testsuite> <!-- tests.InteractionExample7 -->
