<?xml version="1.0" encoding="UTF-8"?>
<!-- Generated by org.testng.reporters.JUnitReportReporter -->
<testsuite hostname="Minas-MacBook-Pro.local" name="tests.InteractionExample4" tests="1" failures="0" timestamp="19 Oct 2021 11:22:47 GMT" time="9.543" errors="0">
  <testcase name="interaction" time="9.543" classname="tests.InteractionExample4"/>
</testsuite> <!-- tests.InteractionExample4 -->
