<?xml version="1.0" encoding="UTF-8"?>
<!-- Generated by org.testng.reporters.JUnitReportReporter -->
<testsuite hostname="Minas-MacBook-Pro.local" name="tests.LocatorsExample" tests="1" failures="0" timestamp="20 Oct 2021 18:22:28 GMT" time="0.102" errors="0">
  <testcase name="testAllCalculators" time="0.102" classname="tests.LocatorsExample"/>
</testsuite> <!-- tests.LocatorsExample -->
