<?xml version="1.0" encoding="UTF-8"?>
<!-- Generated by org.testng.reporters.JUnitReportReporter -->
<testsuite hostname="Minas-MacBook-Pro.local" name="tests.termin17.InteractionExample1" tests="1" failures="0" timestamp="21 Oct 2021 19:23:52 GMT" time="4.574" errors="0">
  <testcase name="interaction" time="4.574" classname="tests.termin17.InteractionExample1"/>
</testsuite> <!-- tests.termin17.InteractionExample1 -->
