<?xml version="1.0" encoding="UTF-8"?>
<!-- Generated by org.testng.reporters.JUnitReportReporter -->
<testsuite hostname="Minas-MacBook-Pro.local" name="pages.termin18.CilindarKalkulatorTest" tests="7" failures="0" timestamp="21 Oct 2021 19:28:25 GMT" time="28.599" errors="0">
  <testcase name="pozitivanTestFeet" time="1.382" classname="pages.termin18.CilindarKalkulatorTest"/>
  <testcase name="negativanTestMinusRadius" time="12.109" classname="pages.termin18.CilindarKalkulatorTest"/>
  <testcase name="negativanTestObaPolja" time="1.089" classname="pages.termin18.CilindarKalkulatorTest"/>
  <testcase name="negativanTest" time="0.730" classname="pages.termin18.CilindarKalkulatorTest"/>
  <testcase name="pozitivanTest" time="0.857" classname="pages.termin18.CilindarKalkulatorTest"/>
  <testcase name="pozitivanTestNulaRadius" time="0.737" classname="pages.termin18.CilindarKalkulatorTest"/>
  <testcase name="negativanTestMinusHeight" time="11.695" classname="pages.termin18.CilindarKalkulatorTest"/>
</testsuite> <!-- pages.termin18.CilindarKalkulatorTest -->
