<?xml version="1.0" encoding="UTF-8"?>
<!-- Generated by org.testng.reporters.JUnitReportReporter -->
<testsuite hostname="Minas-MacBook-Pro.local" name="tests.termin18.CalculatorVolumeTest" tests="8" failures="0" timestamp="26 Oct 2021 07:32:39 GMT" time="7.292" errors="0">
  <testcase name="negativanTestMinusHeight" time="1.630" classname="tests.termin18.CalculatorVolumeTest"/>
  <testcase name="pozitivanTestSaStringom" time="0.622" classname="tests.termin18.CalculatorVolumeTest"/>
  <testcase name="negativanTest" time="0.708" classname="tests.termin18.CalculatorVolumeTest"/>
  <testcase name="negativanTestObaPolja" time="0.579" classname="tests.termin18.CalculatorVolumeTest"/>
  <testcase name="pozitivanTestFeet" time="0.941" classname="tests.termin18.CalculatorVolumeTest"/>
  <testcase name="pozitivanTest" time="0.585" classname="tests.termin18.CalculatorVolumeTest"/>
  <testcase name="negativanTestMinusRadius" time="1.585" classname="tests.termin18.CalculatorVolumeTest"/>
  <testcase name="pozitivanTestNulaRadius" time="0.642" classname="tests.termin18.CalculatorVolumeTest"/>
</testsuite> <!-- tests.termin18.CalculatorVolumeTest -->
