<?xml version="1.0" encoding="UTF-8"?>
<!-- Generated by org.testng.reporters.JUnitReportReporter -->
<testsuite hostname="Minas-MacBook-Pro.local" name="tests.LocatorsTest" tests="1" failures="0" timestamp="19 Oct 2021 09:12:11 GMT" time="1.660" errors="0">
  <testcase name="search" time="1.660" classname="tests.LocatorsTest"/>
</testsuite> <!-- tests.LocatorsTest -->
