<?xml version="1.0" encoding="UTF-8"?>
<!-- Generated by org.testng.reporters.JUnitReportReporter -->
<testsuite hostname="Minas-MacBook-Pro.local" name="tests.termin17.FirstTest" tests="2" failures="0" timestamp="21 Oct 2021 19:23:52 GMT" time="5.497" errors="0">
  <testcase name="clickFirstYoutube" time="2.488" classname="tests.termin17.FirstTest"/>
  <testcase name="search" time="3.009" classname="tests.termin17.FirstTest"/>
</testsuite> <!-- tests.termin17.FirstTest -->
