<?xml version="1.0" encoding="UTF-8"?>
<!-- Generated by org.testng.reporters.JUnitReportReporter -->
<testsuite hostname="Minas-MacBook-Pro.local" name="tests.InteractionExample6" tests="1" failures="0" timestamp="19 Oct 2021 11:36:14 GMT" time="2.516" errors="0">
  <testcase name="interaction" time="2.516" classname="tests.InteractionExample6"/>
</testsuite> <!-- tests.InteractionExample6 -->
