<?xml version="1.0" encoding="UTF-8"?>
<!-- Generated by org.testng.reporters.JUnitReportReporter -->
<testsuite hostname="Minas-MacBook-Pro.local" name="tests.termin17.Zadatak2" tests="4" failures="0" timestamp="24 Oct 2021 21:35:19 GMT" time="25.089" errors="0">
  <testcase name="testAddStudent" time="11.119" classname="tests.termin17.Zadatak2"/>
  <testcase name="testAddTeacher" time="7.521" classname="tests.termin17.Zadatak2"/>
  <testcase name="login" time="0.810" classname="tests.termin17.Zadatak2"/>
  <testcase name="createSubject" time="5.639" classname="tests.termin17.Zadatak2"/>
</testsuite> <!-- tests.termin17.Zadatak2 -->
