<?xml version="1.0" encoding="UTF-8"?>
<!-- Generated by org.testng.reporters.JUnitReportReporter -->
<testsuite hostname="Minas-MacBook-Pro.local" name="tests.termin17.InteractionExample7" tests="1" failures="0" timestamp="21 Oct 2021 19:23:52 GMT" time="2.921" errors="0">
  <testcase name="search" time="2.921" classname="tests.termin17.InteractionExample7"/>
</testsuite> <!-- tests.termin17.InteractionExample7 -->
