<?xml version="1.0" encoding="UTF-8"?>
<!-- Generated by org.testng.reporters.JUnitReportReporter -->
<testsuite hostname="Minas-MacBook-Pro.local" name="tests.LoginTest" tests="1" failures="0" timestamp="20 Oct 2021 17:49:56 GMT" time="2.910" errors="0">
  <testcase name="login" time="2.910" classname="tests.LoginTest"/>
</testsuite> <!-- tests.LoginTest -->
