<?xml version="1.0" encoding="UTF-8"?>
<!-- Generated by org.testng.reporters.JUnitReportReporter -->
<testsuite hostname="Minas-MacBook-Pro.local" name="tests.InteractionExample1" tests="1" failures="0" timestamp="20 Oct 2021 18:48:18 GMT" time="3.228" errors="0">
  <testcase name="interaction" time="3.228" classname="tests.InteractionExample1"/>
</testsuite> <!-- tests.InteractionExample1 -->
