<?xml version="1.0" encoding="UTF-8"?>
<!-- Generated by org.testng.reporters.JUnitReportReporter -->
<testsuite hostname="Minas-MacBook-Pro.local" name="tests.termin17.InteractionExample6" tests="1" failures="0" timestamp="21 Oct 2021 19:23:52 GMT" time="7.875" errors="0">
  <testcase name="interaction" time="7.875" classname="tests.termin17.InteractionExample6"/>
</testsuite> <!-- tests.termin17.InteractionExample6 -->
