<?xml version="1.0" encoding="UTF-8"?>
<!-- Generated by org.testng.reporters.JUnitReportReporter -->
<testsuite hostname="Minas-MacBook-Pro.local" name="tests.FirstTest" tests="2" failures="0" timestamp="19 Oct 2021 09:08:03 GMT" time="4.211" errors="0">
  <testcase name="search" time="2.138" classname="tests.FirstTest"/>
  <testcase name="clickFirstYoutube" time="2.073" classname="tests.FirstTest"/>
</testsuite> <!-- tests.FirstTest -->
