<?xml version="1.0" encoding="UTF-8"?>
<!-- Generated by org.testng.reporters.JUnitReportReporter -->
<testsuite hostname="Minas-MacBook-Pro.local" name="tests.termin17.Zadatak1" tests="4" failures="0" timestamp="24 Oct 2021 21:08:48 GMT" time="17.327" errors="0">
  <testcase name="testEditStudent" time="3.255" classname="tests.termin17.Zadatak1"/>
  <testcase name="testAddStudent" time="10.176" classname="tests.termin17.Zadatak1"/>
  <testcase name="testDeleteStudent" time="3.216" classname="tests.termin17.Zadatak1"/>
  <testcase name="login" time="0.680" classname="tests.termin17.Zadatak1"/>
</testsuite> <!-- tests.termin17.Zadatak1 -->
