<?xml version="1.0" encoding="UTF-8"?>
<!-- Generated by org.testng.reporters.JUnitReportReporter -->
<testsuite hostname="Minas-MacBook-Pro.local" name="tests.termin17.InteractionExample2" tests="1" failures="0" timestamp="21 Oct 2021 19:23:52 GMT" time="0.089" errors="0">
  <testcase name="interaction" time="0.089" classname="tests.termin17.InteractionExample2"/>
</testsuite> <!-- tests.termin17.InteractionExample2 -->
