<?xml version="1.0" encoding="UTF-8"?>
<!-- Generated by org.testng.reporters.JUnitReportReporter -->
<testsuite hostname="Minas-MacBook-Pro.local" name="tests.InteractionExample3" tests="1" failures="0" timestamp="19 Oct 2021 10:36:37 GMT" time="6.390" errors="0">
  <testcase name="interaction" time="6.390" classname="tests.InteractionExample3"/>
</testsuite> <!-- tests.InteractionExample3 -->
